tmm ya b4a4 : Sat Jul 12 10:48:12 AM EDT 2025
tmm ya b4a4 : Sat Jul 12 10:51:54 AM EDT 2025
tmm ya b4a4 : Tue Jul 15 03:26:08 PM EDT 2025
tmm ya b4a4 : Tue Jul 15 03:26:42 PM EDT 2025
tmm ya b4a4 : Tue Jul 15 03:31:28 PM EDT 2025
tmm ya b4a4 : Tue Jul 15 03:40:18 PM EDT 2025
tmm ya b4a4 : Tue Jul 15 03:46:55 PM EDT 2025
tmm ya b4a4 : Tue Jul 15 03:47:08 PM EDT 2025
tmm ya b4a4 : Tue Jul 15 03:47:47 PM EDT 2025
tmm ya b4a4 : Tue Jul 15 03:51:04 PM EDT 2025
----- Tue Jul 15 03:59:00 PM EDT 2025 -----
sending incremental file list
data.txt

sent 178 bytes  received 35 bytes  22.42 bytes/sec
total size is 86  speedup is 0.40
✅ Backup completed successfully at Tue Jul 15 03:59:09 PM EDT 2025
----- Tue Jul 15 04:15:58 PM EDT 2025 -----
sending incremental file list

sent 62 bytes  received 12 bytes  13.45 bytes/sec
total size is 86  speedup is 1.16
✅ Backup completed successfully at Tue Jul 15 04:16:03 PM EDT 2025